<?xml version="1.0" encoding="utf-8"?><testsuites name="pytest tests"><testsuite name="pytest" errors="0" failures="0" skipped="0" tests="11" time="1.225" timestamp="2026-01-25T04:44:09.827225+00:00" hostname="agent-env-f3c84b9f-1b20-4ea4-8372-9e5acead5ec8"><testcase classname="backend.tests.test_bug_fixes_iteration7.TestBoutPhotoFields" name="test_bout_returns_both_photo_conventions" time="0.165" /><testcase classname="backend.tests.test_bug_fixes_iteration7.TestBoutPhotoFields" name="test_bout_returns_both_record_conventions" time="0.120" /><testcase classname="backend.tests.test_bug_fixes_iteration7.TestBoutPhotoFields" name="test_bout_without_photos_returns_empty_strings" time="0.118" /><testcase classname="backend.tests.test_bug_fixes_iteration7.TestKickPointValue" name="test_kick_points_in_config" time="0.003" /><testcase classname="backend.tests.test_bug_fixes_iteration7.TestKickPointValue" name="test_kick_event_scoring" time="0.158" /><testcase classname="backend.tests.test_bug_fixes_iteration7.TestGnPButtons" name="test_gnp_light_event" time="0.124" /><testcase classname="backend.tests.test_bug_fixes_iteration7.TestGnPButtons" name="test_gnp_solid_event" time="0.123" /><testcase classname="backend.tests.test_bug_fixes_iteration7.TestGnPButtons" name="test_gnp_points_difference" time="0.000" /><testcase classname="backend.tests.test_bug_fixes_iteration7.TestNextFightNavigation" name="test_supervisor_fights_endpoint" time="0.195" /><testcase classname="backend.tests.test_bug_fixes_iteration7.TestNextFightNavigation" name="test_bout_returns_event_id" time="0.110" /><testcase classname="backend.tests.test_bug_fixes_iteration7.TestHealthCheck" name="test_api_health" time="0.037" /></testsuite></testsuites>