<?xml version="1.0" encoding="utf-8"?><testsuites name="pytest tests"><testsuite name="pytest" errors="0" failures="0" skipped="0" tests="38" time="0.238" timestamp="2026-01-23T18:00:57.337280+00:00" hostname="agent-env-34b69283-a0fb-44b6-ae26-b2669647833f"><testcase classname="tests.test_v3_scoring_comprehensive.TestEventPointValues" name="test_jab_equals_1_point" time="0.000" /><testcase classname="tests.test_v3_scoring_comprehensive.TestEventPointValues" name="test_cross_equals_3_points" time="0.000" /><testcase classname="tests.test_v3_scoring_comprehensive.TestEventPointValues" name="test_hook_equals_3_points" time="0.000" /><testcase classname="tests.test_v3_scoring_comprehensive.TestEventPointValues" name="test_uppercut_equals_3_points" time="0.000" /><testcase classname="tests.test_v3_scoring_comprehensive.TestEventPointValues" name="test_kick_equals_4_points" time="0.000" /><testcase classname="tests.test_v3_scoring_comprehensive.TestEventPointValues" name="test_elbow_equals_5_points" time="0.000" /><testcase classname="tests.test_v3_scoring_comprehensive.TestEventPointValues" name="test_knee_equals_5_points" time="0.000" /><testcase classname="tests.test_v3_scoring_comprehensive.TestEventPointValues" name="test_kd_flash_equals_100_points" time="0.000" /><testcase classname="tests.test_v3_scoring_comprehensive.TestEventPointValues" name="test_kd_hard_equals_150_points" time="0.000" /><testcase classname="tests.test_v3_scoring_comprehensive.TestEventPointValues" name="test_kd_nf_equals_210_points" time="0.000" /><testcase classname="tests.test_v3_scoring_comprehensive.TestEventPointValues" name="test_rocked_equals_60_points" time="0.000" /><testcase classname="tests.test_v3_scoring_comprehensive.TestEventPointValues" name="test_takedown_equals_10_points" time="0.000" /><testcase classname="tests.test_v3_scoring_comprehensive.TestEventPointValues" name="test_takedown_stuffed_equals_5_points" time="0.000" /><testcase classname="tests.test_v3_scoring_comprehensive.TestEventPointValues" name="test_ss_strikes_double_base_value" time="0.000" /><testcase classname="tests.test_v3_scoring_comprehensive.TestImpactLockKDFlash" name="test_kd_flash_holder_wins_when_behind_by_less_than_50" time="0.000" /><testcase classname="tests.test_v3_scoring_comprehensive.TestImpactLockKDFlash" name="test_kd_flash_holder_loses_when_behind_by_50_or_more" time="0.001" /><testcase classname="tests.test_v3_scoring_comprehensive.TestImpactLockKDHard" name="test_kd_hard_holder_wins_when_behind_by_less_than_110" time="0.001" /><testcase classname="tests.test_v3_scoring_comprehensive.TestImpactLockKDHard" name="test_kd_hard_holder_loses_when_behind_by_110_or_more" time="0.001" /><testcase classname="tests.test_v3_scoring_comprehensive.TestRegularizationRule1" name="test_first_10_strikes_full_value" time="0.000" /><testcase classname="tests.test_v3_scoring_comprehensive.TestRegularizationRule1" name="test_strikes_11_to_20_get_75_percent" time="0.000" /><testcase classname="tests.test_v3_scoring_comprehensive.TestRegularizationRule1" name="test_strikes_21_plus_get_50_percent" time="0.000" /><testcase classname="tests.test_v3_scoring_comprehensive.TestRegularizationRule1" name="test_different_techniques_tracked_separately" time="0.000" /><testcase classname="tests.test_v3_scoring_comprehensive.TestRegularizationRule2" name="test_first_8_ss_full_value" time="0.000" /><testcase classname="tests.test_v3_scoring_comprehensive.TestRegularizationRule2" name="test_ss_9_to_14_get_75_percent" time="0.000" /><testcase classname="tests.test_v3_scoring_comprehensive.TestRegularizationRule2" name="test_ss_15_plus_get_50_percent" time="0.000" /><testcase classname="tests.test_v3_scoring_comprehensive.TestRegularizationRule5" name="test_first_3_td_stuffed_full_value" time="0.000" /><testcase classname="tests.test_v3_scoring_comprehensive.TestRegularizationRule5" name="test_td_stuffed_4_plus_get_50_percent" time="0.000" /><testcase classname="tests.test_v3_scoring_comprehensive.TestRoundScoring108" name="test_10_8_with_2_protected_events" time="0.000" /><testcase classname="tests.test_v3_scoring_comprehensive.TestRoundScoring108" name="test_10_8_with_delta_100_plus" time="0.000" /><testcase classname="tests.test_v3_scoring_comprehensive.TestRoundScoring108" name="test_10_9_with_1_protected_event_and_delta_under_100" time="0.000" /><testcase classname="tests.test_v3_scoring_comprehensive.TestScoringBreakdown" name="test_breakdown_includes_event_types" time="0.000" /><testcase classname="tests.test_v3_scoring_comprehensive.TestScoringBreakdown" name="test_breakdown_with_diminishing_returns" time="0.000" /><testcase classname="tests.test_v3_scoring_comprehensive.TestAPIIntegration" name="test_rounds_compute_endpoint_exists" time="0.082" /><testcase classname="tests.test_v3_scoring_comprehensive.TestAPIIntegration" name="test_rounds_compute_returns_v3_fields" time="0.086" /><testcase classname="tests.test_v3_scoring_comprehensive.TestDebugOutput" name="test_debug_contains_technique_counts" time="0.000" /><testcase classname="tests.test_v3_scoring_comprehensive.TestDebugOutput" name="test_debug_contains_ss_count" time="0.000" /><testcase classname="tests.test_v3_scoring_comprehensive.TestDebugOutput" name="test_debug_contains_multipliers" time="0.000" /><testcase classname="tests.test_v3_scoring_comprehensive.TestDebugOutput" name="test_debug_contains_impact_lock_info" time="0.000" /></testsuite></testsuites>