<?xml version="1.0" encoding="utf-8"?><testsuites name="pytest tests"><testsuite name="pytest" errors="0" failures="0" skipped="0" tests="18" time="1.231" timestamp="2026-01-17T05:11:33.608864+00:00" hostname="agent-env-f5c0cf22-f211-459b-b6c7-28a49e87c149"><testcase classname="tests.test_unified_scoring.TestUnifiedScoringAPI" name="test_create_event_red_striking" time="0.071" /><testcase classname="tests.test_unified_scoring.TestUnifiedScoringAPI" name="test_create_event_red_grappling" time="0.038" /><testcase classname="tests.test_unified_scoring.TestUnifiedScoringAPI" name="test_create_event_blue_striking" time="0.041" /><testcase classname="tests.test_unified_scoring.TestUnifiedScoringAPI" name="test_create_event_blue_grappling" time="0.039" /><testcase classname="tests.test_unified_scoring.TestUnifiedScoringAPI" name="test_create_knockdown_event" time="0.034" /><testcase classname="tests.test_unified_scoring.TestUnifiedScoringAPI" name="test_get_all_events_no_device_filter" time="0.065" /><testcase classname="tests.test_unified_scoring.TestUnifiedScoringAPI" name="test_get_events_for_specific_round" time="0.036" /><testcase classname="tests.test_unified_scoring.TestUnifiedScoringAPI" name="test_compute_round_aggregates_all_events" time="0.075" /><testcase classname="tests.test_unified_scoring.TestUnifiedScoringAPI" name="test_compute_round_delta_scoring" time="0.066" /><testcase classname="tests.test_unified_scoring.TestUnifiedScoringAPI" name="test_compute_round_idempotent" time="0.064" /><testcase classname="tests.test_unified_scoring.TestUnifiedScoringAPI" name="test_get_all_rounds" time="0.110" /><testcase classname="tests.test_unified_scoring.TestUnifiedScoringAPI" name="test_finalize_fight" time="0.167" /><testcase classname="tests.test_unified_scoring.TestUnifiedScoringAPI" name="test_get_fight_result" time="0.085" /><testcase classname="tests.test_unified_scoring.TestUnifiedScoringAPI" name="test_events_from_all_four_devices_combined" time="0.065" /><testcase classname="tests.test_unified_scoring.TestUnifiedScoringAPI" name="test_compute_round_no_events" time="0.036" /><testcase classname="tests.test_unified_scoring.TestUnifiedScoringAPI" name="test_event_value_calculation" time="0.070" /><testcase classname="tests.test_unified_scoring.TestAPIHealth" name="test_api_root" time="0.031" /><testcase classname="tests.test_unified_scoring.TestAPIHealth" name="test_status_endpoint" time="0.041" /></testsuite></testsuites>