<?xml version="1.0" encoding="utf-8"?><testsuites name="pytest tests"><testsuite name="pytest" errors="0" failures="2" skipped="0" tests="11" time="1.288" timestamp="2026-01-25T04:41:50.088871+00:00" hostname="agent-env-f3c84b9f-1b20-4ea4-8372-9e5acead5ec8"><testcase classname="backend.tests.test_bug_fixes_iteration7.TestBoutPhotoFields" name="test_bout_returns_both_photo_conventions" time="0.144" /><testcase classname="backend.tests.test_bug_fixes_iteration7.TestBoutPhotoFields" name="test_bout_returns_both_record_conventions" time="0.123" /><testcase classname="backend.tests.test_bug_fixes_iteration7.TestBoutPhotoFields" name="test_bout_without_photos_returns_empty_strings" time="0.116" /><testcase classname="backend.tests.test_bug_fixes_iteration7.TestKickPointValue" name="test_kick_points_in_config" time="0.002" /><testcase classname="backend.tests.test_bug_fixes_iteration7.TestKickPointValue" name="test_kick_event_scoring" time="0.162" /><testcase classname="backend.tests.test_bug_fixes_iteration7.TestGnPButtons" name="test_gnp_light_event" time="0.121"><failure message="AssertionError: GnP Light event not found&#10;assert 0 &gt; 0&#10; +  where 0 = len([])">backend/tests/test_bug_fixes_iteration7.py:220: in test_gnp_light_event
    assert len(gnp_light_events) &gt; 0, "GnP Light event not found"
E   AssertionError: GnP Light event not found
E   assert 0 &gt; 0
E    +  where 0 = len([])</failure></testcase><testcase classname="backend.tests.test_bug_fixes_iteration7.TestGnPButtons" name="test_gnp_solid_event" time="0.134"><failure message="AssertionError: GnP Solid event not found&#10;assert 0 &gt; 0&#10; +  where 0 = len([])">backend/tests/test_bug_fixes_iteration7.py:260: in test_gnp_solid_event
    assert len(gnp_solid_events) &gt; 0, "GnP Solid event not found"
E   AssertionError: GnP Solid event not found
E   assert 0 &gt; 0
E    +  where 0 = len([])</failure></testcase><testcase classname="backend.tests.test_bug_fixes_iteration7.TestGnPButtons" name="test_gnp_points_difference" time="0.000" /><testcase classname="backend.tests.test_bug_fixes_iteration7.TestNextFightNavigation" name="test_supervisor_fights_endpoint" time="0.201" /><testcase classname="backend.tests.test_bug_fixes_iteration7.TestNextFightNavigation" name="test_bout_returns_event_id" time="0.121" /><testcase classname="backend.tests.test_bug_fixes_iteration7.TestHealthCheck" name="test_api_health" time="0.036" /></testsuite></testsuites>